<?xml version="1.0" encoding="UTF-8"?>
<!-- Generated by org.testng.reporters.JUnitReportReporter -->
<testsuite hostname="ForeVision" name="testNgParameters.Dataprovider" tests="5" failures="0" timestamp="13 Dec 2019 08:31:43 GMT" time="13.000" errors="5">
  <testcase name="loginPage" time="0.551" classname="testNgParameters.Dataprovider">
    <error type="org.openqa.selenium.SessionNotCreatedException" message="session not created: No matching capabilities found
Build info: version: &#039;3.141.59&#039;, revision: &#039;e82be7d358&#039;, time: &#039;2018-11-14T08:25:53&#039;
System info: host: &#039;FOREVISION&#039;, ip: &#039;192.168.233.1&#039;, os.name: &#039;Windows 10&#039;, os.arch: &#039;amd64&#039;, os.version: &#039;10.0&#039;, java.version: &#039;1.8.0_231&#039;
Driver info: driver.version: FirefoxDriver
remote stacktrace: Backtrace:
	Ordinal0 [0x0020A903+1550595]
	Ordinal0 [0x0018A701+1025793]
	Ordinal0 [0x0010C6E5+509669]
	Ordinal0 [0x000BA698+173720]
	Ordinal0 [0x000BA9CA+174538]
	Ordinal0 [0x000BA8ED+174317]
	Ordinal0 [0x000B8CDB+167131]
	Ordinal0 [0x000A144A+70730]
	Ordinal0 [0x000A24D0+74960]
	Ordinal0 [0x000A2469+74857]
	Ordinal0 [0x001A42C7+1131207]
	GetHandleVerifier [0x002A70FD+523789]
	GetHandleVerifier [0x002A6E90+523168]
	GetHandleVerifier [0x002AE1E7+552695]
	GetHandleVerifier [0x002A78FA+525834]
	Ordinal0 [0x0019B7FC+1095676]
	Ordinal0 [0x001A633B+1139515]
	Ordinal0 [0x001A64A3+1139875]
	Ordinal0 [0x001A5425+1135653]
	BaseThreadInitThunk [0x75E76359+25]
	RtlGetAppContainerNamedObjectPath [0x77A87B74+228]
	RtlGetAppContainerNamedObjectPath [0x77A87B44+180]
	(No symbol) [0x00000000]
">
      <![CDATA[org.openqa.selenium.SessionNotCreatedException: session not created: No matching capabilities found
Build info: version: '3.141.59', revision: 'e82be7d358', time: '2018-11-14T08:25:53'
System info: host: 'FOREVISION', ip: '192.168.233.1', os.name: 'Windows 10', os.arch: 'amd64', os.version: '10.0', java.version: '1.8.0_231'
Driver info: driver.version: FirefoxDriver
remote stacktrace: Backtrace:
	Ordinal0 [0x0020A903+1550595]
	Ordinal0 [0x0018A701+1025793]
	Ordinal0 [0x0010C6E5+509669]
	Ordinal0 [0x000BA698+173720]
	Ordinal0 [0x000BA9CA+174538]
	Ordinal0 [0x000BA8ED+174317]
	Ordinal0 [0x000B8CDB+167131]
	Ordinal0 [0x000A144A+70730]
	Ordinal0 [0x000A24D0+74960]
	Ordinal0 [0x000A2469+74857]
	Ordinal0 [0x001A42C7+1131207]
	GetHandleVerifier [0x002A70FD+523789]
	GetHandleVerifier [0x002A6E90+523168]
	GetHandleVerifier [0x002AE1E7+552695]
	GetHandleVerifier [0x002A78FA+525834]
	Ordinal0 [0x0019B7FC+1095676]
	Ordinal0 [0x001A633B+1139515]
	Ordinal0 [0x001A64A3+1139875]
	Ordinal0 [0x001A5425+1135653]
	BaseThreadInitThunk [0x75E76359+25]
	RtlGetAppContainerNamedObjectPath [0x77A87B74+228]
	RtlGetAppContainerNamedObjectPath [0x77A87B44+180]
	(No symbol) [0x00000000]

	at sun.reflect.NativeConstructorAccessorImpl.newInstance0(Native Method)
	at sun.reflect.NativeConstructorAccessorImpl.newInstance(NativeConstructorAccessorImpl.java:62)
	at sun.reflect.DelegatingConstructorAccessorImpl.newInstance(DelegatingConstructorAccessorImpl.java:45)
	at java.lang.reflect.Constructor.newInstance(Constructor.java:423)
	at org.openqa.selenium.remote.W3CHandshakeResponse.lambda$errorHandler$0(W3CHandshakeResponse.java:62)
	at org.openqa.selenium.remote.HandshakeResponse.lambda$getResponseFunction$0(HandshakeResponse.java:30)
	at org.openqa.selenium.remote.ProtocolHandshake.lambda$createSession$0(ProtocolHandshake.java:126)
	at java.util.stream.ReferencePipeline$3$1.accept(ReferencePipeline.java:193)
	at java.util.Spliterators$ArraySpliterator.tryAdvance(Spliterators.java:958)
	at java.util.stream.ReferencePipeline.forEachWithCancel(ReferencePipeline.java:126)
	at java.util.stream.AbstractPipeline.copyIntoWithCancel(AbstractPipeline.java:499)
	at java.util.stream.AbstractPipeline.copyInto(AbstractPipeline.java:486)
	at java.util.stream.AbstractPipeline.wrapAndCopyInto(AbstractPipeline.java:472)
	at java.util.stream.FindOps$FindOp.evaluateSequential(FindOps.java:152)
	at java.util.stream.AbstractPipeline.evaluate(AbstractPipeline.java:234)
	at java.util.stream.ReferencePipeline.findFirst(ReferencePipeline.java:464)
	at org.openqa.selenium.remote.ProtocolHandshake.createSession(ProtocolHandshake.java:128)
	at org.openqa.selenium.remote.ProtocolHandshake.createSession(ProtocolHandshake.java:74)
	at org.openqa.selenium.remote.HttpCommandExecutor.execute(HttpCommandExecutor.java:136)
	at org.openqa.selenium.remote.service.DriverCommandExecutor.execute(DriverCommandExecutor.java:83)
	at org.openqa.selenium.remote.RemoteWebDriver.execute(RemoteWebDriver.java:552)
	at org.openqa.selenium.remote.RemoteWebDriver.startSession(RemoteWebDriver.java:213)
	at org.openqa.selenium.remote.RemoteWebDriver.<init>(RemoteWebDriver.java:131)
	at org.openqa.selenium.firefox.FirefoxDriver.<init>(FirefoxDriver.java:147)
	at org.openqa.selenium.firefox.FirefoxDriver.<init>(FirefoxDriver.java:125)
	at testNgParameters.Dataprovider.loginPage(Dataprovider.java:52)
	at sun.reflect.NativeMethodAccessorImpl.invoke0(Native Method)
	at sun.reflect.NativeMethodAccessorImpl.invoke(NativeMethodAccessorImpl.java:62)
	at sun.reflect.DelegatingMethodAccessorImpl.invoke(DelegatingMethodAccessorImpl.java:43)
	at java.lang.reflect.Method.invoke(Method.java:498)
	at org.testng.internal.MethodInvocationHelper.invokeMethod(MethodInvocationHelper.java:100)
	at org.testng.internal.Invoker.invokeMethod(Invoker.java:646)
	at org.testng.internal.Invoker.invokeTestMethod(Invoker.java:811)
	at org.testng.internal.Invoker.invokeTestMethods(Invoker.java:1129)
	at org.testng.internal.TestMethodWorker.invokeTestMethods(TestMethodWorker.java:129)
	at org.testng.internal.TestMethodWorker.run(TestMethodWorker.java:112)
	at org.testng.TestRunner.privateRun(TestRunner.java:746)
	at org.testng.TestRunner.run(TestRunner.java:600)
	at org.testng.SuiteRunner.runTest(SuiteRunner.java:366)
	at org.testng.SuiteRunner.runSequentially(SuiteRunner.java:361)
	at org.testng.SuiteRunner.privateRun(SuiteRunner.java:319)
	at org.testng.SuiteRunner.run(SuiteRunner.java:268)
	at org.testng.SuiteRunnerWorker.runSuite(SuiteRunnerWorker.java:52)
	at org.testng.SuiteRunnerWorker.run(SuiteRunnerWorker.java:86)
	at org.testng.TestNG.runSuitesSequentially(TestNG.java:1264)
	at org.testng.TestNG.runSuitesLocally(TestNG.java:1189)
	at org.testng.TestNG.runSuites(TestNG.java:1104)
	at org.testng.TestNG.run(TestNG.java:1076)
	at org.testng.remote.AbstractRemoteTestNG.run(AbstractRemoteTestNG.java:126)
	at org.testng.remote.RemoteTestNG.initAndRun(RemoteTestNG.java:152)
	at org.testng.remote.RemoteTestNG.main(RemoteTestNG.java:57)
]]>
    </error>
  </testcase> <!-- loginPage -->
  <testcase name="loginPage" time="0.538" classname="testNgParameters.Dataprovider">
    <error type="org.openqa.selenium.SessionNotCreatedException" message="session not created: No matching capabilities found
Build info: version: &#039;3.141.59&#039;, revision: &#039;e82be7d358&#039;, time: &#039;2018-11-14T08:25:53&#039;
System info: host: &#039;FOREVISION&#039;, ip: &#039;192.168.233.1&#039;, os.name: &#039;Windows 10&#039;, os.arch: &#039;amd64&#039;, os.version: &#039;10.0&#039;, java.version: &#039;1.8.0_231&#039;
Driver info: driver.version: FirefoxDriver
remote stacktrace: Backtrace:
	Ordinal0 [0x0020A903+1550595]
	Ordinal0 [0x0018A701+1025793]
	Ordinal0 [0x0010C6E5+509669]
	Ordinal0 [0x000BA698+173720]
	Ordinal0 [0x000BA9CA+174538]
	Ordinal0 [0x000BA8ED+174317]
	Ordinal0 [0x000B8CDB+167131]
	Ordinal0 [0x000A144A+70730]
	Ordinal0 [0x000A24D0+74960]
	Ordinal0 [0x000A2469+74857]
	Ordinal0 [0x001A42C7+1131207]
	GetHandleVerifier [0x002A70FD+523789]
	GetHandleVerifier [0x002A6E90+523168]
	GetHandleVerifier [0x002AE1E7+552695]
	GetHandleVerifier [0x002A78FA+525834]
	Ordinal0 [0x0019B7FC+1095676]
	Ordinal0 [0x001A633B+1139515]
	Ordinal0 [0x001A64A3+1139875]
	Ordinal0 [0x001A5425+1135653]
	BaseThreadInitThunk [0x75E76359+25]
	RtlGetAppContainerNamedObjectPath [0x77A87B74+228]
	RtlGetAppContainerNamedObjectPath [0x77A87B44+180]
	(No symbol) [0x00000000]
">
      <![CDATA[org.openqa.selenium.SessionNotCreatedException: session not created: No matching capabilities found
Build info: version: '3.141.59', revision: 'e82be7d358', time: '2018-11-14T08:25:53'
System info: host: 'FOREVISION', ip: '192.168.233.1', os.name: 'Windows 10', os.arch: 'amd64', os.version: '10.0', java.version: '1.8.0_231'
Driver info: driver.version: FirefoxDriver
remote stacktrace: Backtrace:
	Ordinal0 [0x0020A903+1550595]
	Ordinal0 [0x0018A701+1025793]
	Ordinal0 [0x0010C6E5+509669]
	Ordinal0 [0x000BA698+173720]
	Ordinal0 [0x000BA9CA+174538]
	Ordinal0 [0x000BA8ED+174317]
	Ordinal0 [0x000B8CDB+167131]
	Ordinal0 [0x000A144A+70730]
	Ordinal0 [0x000A24D0+74960]
	Ordinal0 [0x000A2469+74857]
	Ordinal0 [0x001A42C7+1131207]
	GetHandleVerifier [0x002A70FD+523789]
	GetHandleVerifier [0x002A6E90+523168]
	GetHandleVerifier [0x002AE1E7+552695]
	GetHandleVerifier [0x002A78FA+525834]
	Ordinal0 [0x0019B7FC+1095676]
	Ordinal0 [0x001A633B+1139515]
	Ordinal0 [0x001A64A3+1139875]
	Ordinal0 [0x001A5425+1135653]
	BaseThreadInitThunk [0x75E76359+25]
	RtlGetAppContainerNamedObjectPath [0x77A87B74+228]
	RtlGetAppContainerNamedObjectPath [0x77A87B44+180]
	(No symbol) [0x00000000]

	at sun.reflect.NativeConstructorAccessorImpl.newInstance0(Native Method)
	at sun.reflect.NativeConstructorAccessorImpl.newInstance(NativeConstructorAccessorImpl.java:62)
	at sun.reflect.DelegatingConstructorAccessorImpl.newInstance(DelegatingConstructorAccessorImpl.java:45)
	at java.lang.reflect.Constructor.newInstance(Constructor.java:423)
	at org.openqa.selenium.remote.W3CHandshakeResponse.lambda$errorHandler$0(W3CHandshakeResponse.java:62)
	at org.openqa.selenium.remote.HandshakeResponse.lambda$getResponseFunction$0(HandshakeResponse.java:30)
	at org.openqa.selenium.remote.ProtocolHandshake.lambda$createSession$0(ProtocolHandshake.java:126)
	at java.util.stream.ReferencePipeline$3$1.accept(ReferencePipeline.java:193)
	at java.util.Spliterators$ArraySpliterator.tryAdvance(Spliterators.java:958)
	at java.util.stream.ReferencePipeline.forEachWithCancel(ReferencePipeline.java:126)
	at java.util.stream.AbstractPipeline.copyIntoWithCancel(AbstractPipeline.java:499)
	at java.util.stream.AbstractPipeline.copyInto(AbstractPipeline.java:486)
	at java.util.stream.AbstractPipeline.wrapAndCopyInto(AbstractPipeline.java:472)
	at java.util.stream.FindOps$FindOp.evaluateSequential(FindOps.java:152)
	at java.util.stream.AbstractPipeline.evaluate(AbstractPipeline.java:234)
	at java.util.stream.ReferencePipeline.findFirst(ReferencePipeline.java:464)
	at org.openqa.selenium.remote.ProtocolHandshake.createSession(ProtocolHandshake.java:128)
	at org.openqa.selenium.remote.ProtocolHandshake.createSession(ProtocolHandshake.java:74)
	at org.openqa.selenium.remote.HttpCommandExecutor.execute(HttpCommandExecutor.java:136)
	at org.openqa.selenium.remote.service.DriverCommandExecutor.execute(DriverCommandExecutor.java:83)
	at org.openqa.selenium.remote.RemoteWebDriver.execute(RemoteWebDriver.java:552)
	at org.openqa.selenium.remote.RemoteWebDriver.startSession(RemoteWebDriver.java:213)
	at org.openqa.selenium.remote.RemoteWebDriver.<init>(RemoteWebDriver.java:131)
	at org.openqa.selenium.firefox.FirefoxDriver.<init>(FirefoxDriver.java:147)
	at org.openqa.selenium.firefox.FirefoxDriver.<init>(FirefoxDriver.java:125)
	at testNgParameters.Dataprovider.loginPage(Dataprovider.java:52)
	at sun.reflect.NativeMethodAccessorImpl.invoke0(Native Method)
	at sun.reflect.NativeMethodAccessorImpl.invoke(NativeMethodAccessorImpl.java:62)
	at sun.reflect.DelegatingMethodAccessorImpl.invoke(DelegatingMethodAccessorImpl.java:43)
	at java.lang.reflect.Method.invoke(Method.java:498)
	at org.testng.internal.MethodInvocationHelper.invokeMethod(MethodInvocationHelper.java:100)
	at org.testng.internal.Invoker.invokeMethod(Invoker.java:646)
	at org.testng.internal.Invoker.invokeTestMethod(Invoker.java:811)
	at org.testng.internal.Invoker.invokeTestMethods(Invoker.java:1129)
	at org.testng.internal.TestMethodWorker.invokeTestMethods(TestMethodWorker.java:129)
	at org.testng.internal.TestMethodWorker.run(TestMethodWorker.java:112)
	at org.testng.TestRunner.privateRun(TestRunner.java:746)
	at org.testng.TestRunner.run(TestRunner.java:600)
	at org.testng.SuiteRunner.runTest(SuiteRunner.java:366)
	at org.testng.SuiteRunner.runSequentially(SuiteRunner.java:361)
	at org.testng.SuiteRunner.privateRun(SuiteRunner.java:319)
	at org.testng.SuiteRunner.run(SuiteRunner.java:268)
	at org.testng.SuiteRunnerWorker.runSuite(SuiteRunnerWorker.java:52)
	at org.testng.SuiteRunnerWorker.run(SuiteRunnerWorker.java:86)
	at org.testng.TestNG.runSuitesSequentially(TestNG.java:1264)
	at org.testng.TestNG.runSuitesLocally(TestNG.java:1189)
	at org.testng.TestNG.runSuites(TestNG.java:1104)
	at org.testng.TestNG.run(TestNG.java:1076)
	at org.testng.remote.AbstractRemoteTestNG.run(AbstractRemoteTestNG.java:126)
	at org.testng.remote.RemoteTestNG.initAndRun(RemoteTestNG.java:152)
	at org.testng.remote.RemoteTestNG.main(RemoteTestNG.java:57)
]]>
    </error>
  </testcase> <!-- loginPage -->
  <testcase name="loginPage" time="10.804" classname="testNgParameters.Dataprovider">
    <error type="org.openqa.selenium.SessionNotCreatedException" message="session not created: No matching capabilities found
Build info: version: &#039;3.141.59&#039;, revision: &#039;e82be7d358&#039;, time: &#039;2018-11-14T08:25:53&#039;
System info: host: &#039;FOREVISION&#039;, ip: &#039;192.168.233.1&#039;, os.name: &#039;Windows 10&#039;, os.arch: &#039;amd64&#039;, os.version: &#039;10.0&#039;, java.version: &#039;1.8.0_231&#039;
Driver info: driver.version: FirefoxDriver
remote stacktrace: Backtrace:
	Ordinal0 [0x0020A903+1550595]
	Ordinal0 [0x0018A701+1025793]
	Ordinal0 [0x0010C6E5+509669]
	Ordinal0 [0x000BA698+173720]
	Ordinal0 [0x000BA9CA+174538]
	Ordinal0 [0x000BA8ED+174317]
	Ordinal0 [0x000B8CDB+167131]
	Ordinal0 [0x000A144A+70730]
	Ordinal0 [0x000A24D0+74960]
	Ordinal0 [0x000A2469+74857]
	Ordinal0 [0x001A42C7+1131207]
	GetHandleVerifier [0x002A70FD+523789]
	GetHandleVerifier [0x002A6E90+523168]
	GetHandleVerifier [0x002AE1E7+552695]
	GetHandleVerifier [0x002A78FA+525834]
	Ordinal0 [0x0019B7FC+1095676]
	Ordinal0 [0x001A633B+1139515]
	Ordinal0 [0x001A64A3+1139875]
	Ordinal0 [0x001A5425+1135653]
	BaseThreadInitThunk [0x75E76359+25]
	RtlGetAppContainerNamedObjectPath [0x77A87B74+228]
	RtlGetAppContainerNamedObjectPath [0x77A87B44+180]
	(No symbol) [0x00000000]
">
      <![CDATA[org.openqa.selenium.SessionNotCreatedException: session not created: No matching capabilities found
Build info: version: '3.141.59', revision: 'e82be7d358', time: '2018-11-14T08:25:53'
System info: host: 'FOREVISION', ip: '192.168.233.1', os.name: 'Windows 10', os.arch: 'amd64', os.version: '10.0', java.version: '1.8.0_231'
Driver info: driver.version: FirefoxDriver
remote stacktrace: Backtrace:
	Ordinal0 [0x0020A903+1550595]
	Ordinal0 [0x0018A701+1025793]
	Ordinal0 [0x0010C6E5+509669]
	Ordinal0 [0x000BA698+173720]
	Ordinal0 [0x000BA9CA+174538]
	Ordinal0 [0x000BA8ED+174317]
	Ordinal0 [0x000B8CDB+167131]
	Ordinal0 [0x000A144A+70730]
	Ordinal0 [0x000A24D0+74960]
	Ordinal0 [0x000A2469+74857]
	Ordinal0 [0x001A42C7+1131207]
	GetHandleVerifier [0x002A70FD+523789]
	GetHandleVerifier [0x002A6E90+523168]
	GetHandleVerifier [0x002AE1E7+552695]
	GetHandleVerifier [0x002A78FA+525834]
	Ordinal0 [0x0019B7FC+1095676]
	Ordinal0 [0x001A633B+1139515]
	Ordinal0 [0x001A64A3+1139875]
	Ordinal0 [0x001A5425+1135653]
	BaseThreadInitThunk [0x75E76359+25]
	RtlGetAppContainerNamedObjectPath [0x77A87B74+228]
	RtlGetAppContainerNamedObjectPath [0x77A87B44+180]
	(No symbol) [0x00000000]

	at sun.reflect.NativeConstructorAccessorImpl.newInstance0(Native Method)
	at sun.reflect.NativeConstructorAccessorImpl.newInstance(NativeConstructorAccessorImpl.java:62)
	at sun.reflect.DelegatingConstructorAccessorImpl.newInstance(DelegatingConstructorAccessorImpl.java:45)
	at java.lang.reflect.Constructor.newInstance(Constructor.java:423)
	at org.openqa.selenium.remote.W3CHandshakeResponse.lambda$errorHandler$0(W3CHandshakeResponse.java:62)
	at org.openqa.selenium.remote.HandshakeResponse.lambda$getResponseFunction$0(HandshakeResponse.java:30)
	at org.openqa.selenium.remote.ProtocolHandshake.lambda$createSession$0(ProtocolHandshake.java:126)
	at java.util.stream.ReferencePipeline$3$1.accept(ReferencePipeline.java:193)
	at java.util.Spliterators$ArraySpliterator.tryAdvance(Spliterators.java:958)
	at java.util.stream.ReferencePipeline.forEachWithCancel(ReferencePipeline.java:126)
	at java.util.stream.AbstractPipeline.copyIntoWithCancel(AbstractPipeline.java:499)
	at java.util.stream.AbstractPipeline.copyInto(AbstractPipeline.java:486)
	at java.util.stream.AbstractPipeline.wrapAndCopyInto(AbstractPipeline.java:472)
	at java.util.stream.FindOps$FindOp.evaluateSequential(FindOps.java:152)
	at java.util.stream.AbstractPipeline.evaluate(AbstractPipeline.java:234)
	at java.util.stream.ReferencePipeline.findFirst(ReferencePipeline.java:464)
	at org.openqa.selenium.remote.ProtocolHandshake.createSession(ProtocolHandshake.java:128)
	at org.openqa.selenium.remote.ProtocolHandshake.createSession(ProtocolHandshake.java:74)
	at org.openqa.selenium.remote.HttpCommandExecutor.execute(HttpCommandExecutor.java:136)
	at org.openqa.selenium.remote.service.DriverCommandExecutor.execute(DriverCommandExecutor.java:83)
	at org.openqa.selenium.remote.RemoteWebDriver.execute(RemoteWebDriver.java:552)
	at org.openqa.selenium.remote.RemoteWebDriver.startSession(RemoteWebDriver.java:213)
	at org.openqa.selenium.remote.RemoteWebDriver.<init>(RemoteWebDriver.java:131)
	at org.openqa.selenium.firefox.FirefoxDriver.<init>(FirefoxDriver.java:147)
	at org.openqa.selenium.firefox.FirefoxDriver.<init>(FirefoxDriver.java:125)
	at testNgParameters.Dataprovider.loginPage(Dataprovider.java:52)
	at sun.reflect.NativeMethodAccessorImpl.invoke0(Native Method)
	at sun.reflect.NativeMethodAccessorImpl.invoke(NativeMethodAccessorImpl.java:62)
	at sun.reflect.DelegatingMethodAccessorImpl.invoke(DelegatingMethodAccessorImpl.java:43)
	at java.lang.reflect.Method.invoke(Method.java:498)
	at org.testng.internal.MethodInvocationHelper.invokeMethod(MethodInvocationHelper.java:100)
	at org.testng.internal.Invoker.invokeMethod(Invoker.java:646)
	at org.testng.internal.Invoker.invokeTestMethod(Invoker.java:811)
	at org.testng.internal.Invoker.invokeTestMethods(Invoker.java:1129)
	at org.testng.internal.TestMethodWorker.invokeTestMethods(TestMethodWorker.java:129)
	at org.testng.internal.TestMethodWorker.run(TestMethodWorker.java:112)
	at org.testng.TestRunner.privateRun(TestRunner.java:746)
	at org.testng.TestRunner.run(TestRunner.java:600)
	at org.testng.SuiteRunner.runTest(SuiteRunner.java:366)
	at org.testng.SuiteRunner.runSequentially(SuiteRunner.java:361)
	at org.testng.SuiteRunner.privateRun(SuiteRunner.java:319)
	at org.testng.SuiteRunner.run(SuiteRunner.java:268)
	at org.testng.SuiteRunnerWorker.runSuite(SuiteRunnerWorker.java:52)
	at org.testng.SuiteRunnerWorker.run(SuiteRunnerWorker.java:86)
	at org.testng.TestNG.runSuitesSequentially(TestNG.java:1264)
	at org.testng.TestNG.runSuitesLocally(TestNG.java:1189)
	at org.testng.TestNG.runSuites(TestNG.java:1104)
	at org.testng.TestNG.run(TestNG.java:1076)
	at org.testng.remote.AbstractRemoteTestNG.run(AbstractRemoteTestNG.java:126)
	at org.testng.remote.RemoteTestNG.initAndRun(RemoteTestNG.java:152)
	at org.testng.remote.RemoteTestNG.main(RemoteTestNG.java:57)
]]>
    </error>
  </testcase> <!-- loginPage -->
  <testcase name="loginPage" time="0.548" classname="testNgParameters.Dataprovider">
    <error type="org.openqa.selenium.SessionNotCreatedException" message="session not created: No matching capabilities found
Build info: version: &#039;3.141.59&#039;, revision: &#039;e82be7d358&#039;, time: &#039;2018-11-14T08:25:53&#039;
System info: host: &#039;FOREVISION&#039;, ip: &#039;192.168.233.1&#039;, os.name: &#039;Windows 10&#039;, os.arch: &#039;amd64&#039;, os.version: &#039;10.0&#039;, java.version: &#039;1.8.0_231&#039;
Driver info: driver.version: FirefoxDriver
remote stacktrace: Backtrace:
	Ordinal0 [0x0020A903+1550595]
	Ordinal0 [0x0018A701+1025793]
	Ordinal0 [0x0010C6E5+509669]
	Ordinal0 [0x000BA698+173720]
	Ordinal0 [0x000BA9CA+174538]
	Ordinal0 [0x000BA8ED+174317]
	Ordinal0 [0x000B8CDB+167131]
	Ordinal0 [0x000A144A+70730]
	Ordinal0 [0x000A24D0+74960]
	Ordinal0 [0x000A2469+74857]
	Ordinal0 [0x001A42C7+1131207]
	GetHandleVerifier [0x002A70FD+523789]
	GetHandleVerifier [0x002A6E90+523168]
	GetHandleVerifier [0x002AE1E7+552695]
	GetHandleVerifier [0x002A78FA+525834]
	Ordinal0 [0x0019B7FC+1095676]
	Ordinal0 [0x001A633B+1139515]
	Ordinal0 [0x001A64A3+1139875]
	Ordinal0 [0x001A5425+1135653]
	BaseThreadInitThunk [0x75E76359+25]
	RtlGetAppContainerNamedObjectPath [0x77A87B74+228]
	RtlGetAppContainerNamedObjectPath [0x77A87B44+180]
	(No symbol) [0x00000000]
">
      <![CDATA[org.openqa.selenium.SessionNotCreatedException: session not created: No matching capabilities found
Build info: version: '3.141.59', revision: 'e82be7d358', time: '2018-11-14T08:25:53'
System info: host: 'FOREVISION', ip: '192.168.233.1', os.name: 'Windows 10', os.arch: 'amd64', os.version: '10.0', java.version: '1.8.0_231'
Driver info: driver.version: FirefoxDriver
remote stacktrace: Backtrace:
	Ordinal0 [0x0020A903+1550595]
	Ordinal0 [0x0018A701+1025793]
	Ordinal0 [0x0010C6E5+509669]
	Ordinal0 [0x000BA698+173720]
	Ordinal0 [0x000BA9CA+174538]
	Ordinal0 [0x000BA8ED+174317]
	Ordinal0 [0x000B8CDB+167131]
	Ordinal0 [0x000A144A+70730]
	Ordinal0 [0x000A24D0+74960]
	Ordinal0 [0x000A2469+74857]
	Ordinal0 [0x001A42C7+1131207]
	GetHandleVerifier [0x002A70FD+523789]
	GetHandleVerifier [0x002A6E90+523168]
	GetHandleVerifier [0x002AE1E7+552695]
	GetHandleVerifier [0x002A78FA+525834]
	Ordinal0 [0x0019B7FC+1095676]
	Ordinal0 [0x001A633B+1139515]
	Ordinal0 [0x001A64A3+1139875]
	Ordinal0 [0x001A5425+1135653]
	BaseThreadInitThunk [0x75E76359+25]
	RtlGetAppContainerNamedObjectPath [0x77A87B74+228]
	RtlGetAppContainerNamedObjectPath [0x77A87B44+180]
	(No symbol) [0x00000000]

	at sun.reflect.NativeConstructorAccessorImpl.newInstance0(Native Method)
	at sun.reflect.NativeConstructorAccessorImpl.newInstance(NativeConstructorAccessorImpl.java:62)
	at sun.reflect.DelegatingConstructorAccessorImpl.newInstance(DelegatingConstructorAccessorImpl.java:45)
	at java.lang.reflect.Constructor.newInstance(Constructor.java:423)
	at org.openqa.selenium.remote.W3CHandshakeResponse.lambda$errorHandler$0(W3CHandshakeResponse.java:62)
	at org.openqa.selenium.remote.HandshakeResponse.lambda$getResponseFunction$0(HandshakeResponse.java:30)
	at org.openqa.selenium.remote.ProtocolHandshake.lambda$createSession$0(ProtocolHandshake.java:126)
	at java.util.stream.ReferencePipeline$3$1.accept(ReferencePipeline.java:193)
	at java.util.Spliterators$ArraySpliterator.tryAdvance(Spliterators.java:958)
	at java.util.stream.ReferencePipeline.forEachWithCancel(ReferencePipeline.java:126)
	at java.util.stream.AbstractPipeline.copyIntoWithCancel(AbstractPipeline.java:499)
	at java.util.stream.AbstractPipeline.copyInto(AbstractPipeline.java:486)
	at java.util.stream.AbstractPipeline.wrapAndCopyInto(AbstractPipeline.java:472)
	at java.util.stream.FindOps$FindOp.evaluateSequential(FindOps.java:152)
	at java.util.stream.AbstractPipeline.evaluate(AbstractPipeline.java:234)
	at java.util.stream.ReferencePipeline.findFirst(ReferencePipeline.java:464)
	at org.openqa.selenium.remote.ProtocolHandshake.createSession(ProtocolHandshake.java:128)
	at org.openqa.selenium.remote.ProtocolHandshake.createSession(ProtocolHandshake.java:74)
	at org.openqa.selenium.remote.HttpCommandExecutor.execute(HttpCommandExecutor.java:136)
	at org.openqa.selenium.remote.service.DriverCommandExecutor.execute(DriverCommandExecutor.java:83)
	at org.openqa.selenium.remote.RemoteWebDriver.execute(RemoteWebDriver.java:552)
	at org.openqa.selenium.remote.RemoteWebDriver.startSession(RemoteWebDriver.java:213)
	at org.openqa.selenium.remote.RemoteWebDriver.<init>(RemoteWebDriver.java:131)
	at org.openqa.selenium.firefox.FirefoxDriver.<init>(FirefoxDriver.java:147)
	at org.openqa.selenium.firefox.FirefoxDriver.<init>(FirefoxDriver.java:125)
	at testNgParameters.Dataprovider.loginPage(Dataprovider.java:52)
	at sun.reflect.NativeMethodAccessorImpl.invoke0(Native Method)
	at sun.reflect.NativeMethodAccessorImpl.invoke(NativeMethodAccessorImpl.java:62)
	at sun.reflect.DelegatingMethodAccessorImpl.invoke(DelegatingMethodAccessorImpl.java:43)
	at java.lang.reflect.Method.invoke(Method.java:498)
	at org.testng.internal.MethodInvocationHelper.invokeMethod(MethodInvocationHelper.java:100)
	at org.testng.internal.Invoker.invokeMethod(Invoker.java:646)
	at org.testng.internal.Invoker.invokeTestMethod(Invoker.java:811)
	at org.testng.internal.Invoker.invokeTestMethods(Invoker.java:1129)
	at org.testng.internal.TestMethodWorker.invokeTestMethods(TestMethodWorker.java:129)
	at org.testng.internal.TestMethodWorker.run(TestMethodWorker.java:112)
	at org.testng.TestRunner.privateRun(TestRunner.java:746)
	at org.testng.TestRunner.run(TestRunner.java:600)
	at org.testng.SuiteRunner.runTest(SuiteRunner.java:366)
	at org.testng.SuiteRunner.runSequentially(SuiteRunner.java:361)
	at org.testng.SuiteRunner.privateRun(SuiteRunner.java:319)
	at org.testng.SuiteRunner.run(SuiteRunner.java:268)
	at org.testng.SuiteRunnerWorker.runSuite(SuiteRunnerWorker.java:52)
	at org.testng.SuiteRunnerWorker.run(SuiteRunnerWorker.java:86)
	at org.testng.TestNG.runSuitesSequentially(TestNG.java:1264)
	at org.testng.TestNG.runSuitesLocally(TestNG.java:1189)
	at org.testng.TestNG.runSuites(TestNG.java:1104)
	at org.testng.TestNG.run(TestNG.java:1076)
	at org.testng.remote.AbstractRemoteTestNG.run(AbstractRemoteTestNG.java:126)
	at org.testng.remote.RemoteTestNG.initAndRun(RemoteTestNG.java:152)
	at org.testng.remote.RemoteTestNG.main(RemoteTestNG.java:57)
]]>
    </error>
  </testcase> <!-- loginPage -->
  <testcase name="loginPage" time="0.559" classname="testNgParameters.Dataprovider">
    <error type="org.openqa.selenium.SessionNotCreatedException" message="session not created: No matching capabilities found
Build info: version: &#039;3.141.59&#039;, revision: &#039;e82be7d358&#039;, time: &#039;2018-11-14T08:25:53&#039;
System info: host: &#039;FOREVISION&#039;, ip: &#039;192.168.233.1&#039;, os.name: &#039;Windows 10&#039;, os.arch: &#039;amd64&#039;, os.version: &#039;10.0&#039;, java.version: &#039;1.8.0_231&#039;
Driver info: driver.version: FirefoxDriver
remote stacktrace: Backtrace:
	Ordinal0 [0x0020A903+1550595]
	Ordinal0 [0x0018A701+1025793]
	Ordinal0 [0x0010C6E5+509669]
	Ordinal0 [0x000BA698+173720]
	Ordinal0 [0x000BA9CA+174538]
	Ordinal0 [0x000BA8ED+174317]
	Ordinal0 [0x000B8CDB+167131]
	Ordinal0 [0x000A144A+70730]
	Ordinal0 [0x000A24D0+74960]
	Ordinal0 [0x000A2469+74857]
	Ordinal0 [0x001A42C7+1131207]
	GetHandleVerifier [0x002A70FD+523789]
	GetHandleVerifier [0x002A6E90+523168]
	GetHandleVerifier [0x002AE1E7+552695]
	GetHandleVerifier [0x002A78FA+525834]
	Ordinal0 [0x0019B7FC+1095676]
	Ordinal0 [0x001A633B+1139515]
	Ordinal0 [0x001A64A3+1139875]
	Ordinal0 [0x001A5425+1135653]
	BaseThreadInitThunk [0x75E76359+25]
	RtlGetAppContainerNamedObjectPath [0x77A87B74+228]
	RtlGetAppContainerNamedObjectPath [0x77A87B44+180]
	(No symbol) [0x00000000]
">
      <![CDATA[org.openqa.selenium.SessionNotCreatedException: session not created: No matching capabilities found
Build info: version: '3.141.59', revision: 'e82be7d358', time: '2018-11-14T08:25:53'
System info: host: 'FOREVISION', ip: '192.168.233.1', os.name: 'Windows 10', os.arch: 'amd64', os.version: '10.0', java.version: '1.8.0_231'
Driver info: driver.version: FirefoxDriver
remote stacktrace: Backtrace:
	Ordinal0 [0x0020A903+1550595]
	Ordinal0 [0x0018A701+1025793]
	Ordinal0 [0x0010C6E5+509669]
	Ordinal0 [0x000BA698+173720]
	Ordinal0 [0x000BA9CA+174538]
	Ordinal0 [0x000BA8ED+174317]
	Ordinal0 [0x000B8CDB+167131]
	Ordinal0 [0x000A144A+70730]
	Ordinal0 [0x000A24D0+74960]
	Ordinal0 [0x000A2469+74857]
	Ordinal0 [0x001A42C7+1131207]
	GetHandleVerifier [0x002A70FD+523789]
	GetHandleVerifier [0x002A6E90+523168]
	GetHandleVerifier [0x002AE1E7+552695]
	GetHandleVerifier [0x002A78FA+525834]
	Ordinal0 [0x0019B7FC+1095676]
	Ordinal0 [0x001A633B+1139515]
	Ordinal0 [0x001A64A3+1139875]
	Ordinal0 [0x001A5425+1135653]
	BaseThreadInitThunk [0x75E76359+25]
	RtlGetAppContainerNamedObjectPath [0x77A87B74+228]
	RtlGetAppContainerNamedObjectPath [0x77A87B44+180]
	(No symbol) [0x00000000]

	at sun.reflect.NativeConstructorAccessorImpl.newInstance0(Native Method)
	at sun.reflect.NativeConstructorAccessorImpl.newInstance(NativeConstructorAccessorImpl.java:62)
	at sun.reflect.DelegatingConstructorAccessorImpl.newInstance(DelegatingConstructorAccessorImpl.java:45)
	at java.lang.reflect.Constructor.newInstance(Constructor.java:423)
	at org.openqa.selenium.remote.W3CHandshakeResponse.lambda$errorHandler$0(W3CHandshakeResponse.java:62)
	at org.openqa.selenium.remote.HandshakeResponse.lambda$getResponseFunction$0(HandshakeResponse.java:30)
	at org.openqa.selenium.remote.ProtocolHandshake.lambda$createSession$0(ProtocolHandshake.java:126)
	at java.util.stream.ReferencePipeline$3$1.accept(ReferencePipeline.java:193)
	at java.util.Spliterators$ArraySpliterator.tryAdvance(Spliterators.java:958)
	at java.util.stream.ReferencePipeline.forEachWithCancel(ReferencePipeline.java:126)
	at java.util.stream.AbstractPipeline.copyIntoWithCancel(AbstractPipeline.java:499)
	at java.util.stream.AbstractPipeline.copyInto(AbstractPipeline.java:486)
	at java.util.stream.AbstractPipeline.wrapAndCopyInto(AbstractPipeline.java:472)
	at java.util.stream.FindOps$FindOp.evaluateSequential(FindOps.java:152)
	at java.util.stream.AbstractPipeline.evaluate(AbstractPipeline.java:234)
	at java.util.stream.ReferencePipeline.findFirst(ReferencePipeline.java:464)
	at org.openqa.selenium.remote.ProtocolHandshake.createSession(ProtocolHandshake.java:128)
	at org.openqa.selenium.remote.ProtocolHandshake.createSession(ProtocolHandshake.java:74)
	at org.openqa.selenium.remote.HttpCommandExecutor.execute(HttpCommandExecutor.java:136)
	at org.openqa.selenium.remote.service.DriverCommandExecutor.execute(DriverCommandExecutor.java:83)
	at org.openqa.selenium.remote.RemoteWebDriver.execute(RemoteWebDriver.java:552)
	at org.openqa.selenium.remote.RemoteWebDriver.startSession(RemoteWebDriver.java:213)
	at org.openqa.selenium.remote.RemoteWebDriver.<init>(RemoteWebDriver.java:131)
	at org.openqa.selenium.firefox.FirefoxDriver.<init>(FirefoxDriver.java:147)
	at org.openqa.selenium.firefox.FirefoxDriver.<init>(FirefoxDriver.java:125)
	at testNgParameters.Dataprovider.loginPage(Dataprovider.java:52)
	at sun.reflect.NativeMethodAccessorImpl.invoke0(Native Method)
	at sun.reflect.NativeMethodAccessorImpl.invoke(NativeMethodAccessorImpl.java:62)
	at sun.reflect.DelegatingMethodAccessorImpl.invoke(DelegatingMethodAccessorImpl.java:43)
	at java.lang.reflect.Method.invoke(Method.java:498)
	at org.testng.internal.MethodInvocationHelper.invokeMethod(MethodInvocationHelper.java:100)
	at org.testng.internal.Invoker.invokeMethod(Invoker.java:646)
	at org.testng.internal.Invoker.invokeTestMethod(Invoker.java:811)
	at org.testng.internal.Invoker.invokeTestMethods(Invoker.java:1129)
	at org.testng.internal.TestMethodWorker.invokeTestMethods(TestMethodWorker.java:129)
	at org.testng.internal.TestMethodWorker.run(TestMethodWorker.java:112)
	at org.testng.TestRunner.privateRun(TestRunner.java:746)
	at org.testng.TestRunner.run(TestRunner.java:600)
	at org.testng.SuiteRunner.runTest(SuiteRunner.java:366)
	at org.testng.SuiteRunner.runSequentially(SuiteRunner.java:361)
	at org.testng.SuiteRunner.privateRun(SuiteRunner.java:319)
	at org.testng.SuiteRunner.run(SuiteRunner.java:268)
	at org.testng.SuiteRunnerWorker.runSuite(SuiteRunnerWorker.java:52)
	at org.testng.SuiteRunnerWorker.run(SuiteRunnerWorker.java:86)
	at org.testng.TestNG.runSuitesSequentially(TestNG.java:1264)
	at org.testng.TestNG.runSuitesLocally(TestNG.java:1189)
	at org.testng.TestNG.runSuites(TestNG.java:1104)
	at org.testng.TestNG.run(TestNG.java:1076)
	at org.testng.remote.AbstractRemoteTestNG.run(AbstractRemoteTestNG.java:126)
	at org.testng.remote.RemoteTestNG.initAndRun(RemoteTestNG.java:152)
	at org.testng.remote.RemoteTestNG.main(RemoteTestNG.java:57)
]]>
    </error>
  </testcase> <!-- loginPage -->
</testsuite> <!-- testNgParameters.Dataprovider -->
